# JRE version: Java(TM) SE Runtime Environment (8.0_40-b26) (build 1.8.0_40-b26)
# Java VM: Java HotSpot(TM) 64-Bit Server VM (25.40-b25 mixed mode windows-amd64 compressed oops)
Heap:
 PSYoungGen      total 221184K, used 101641K [0x00000000eab00000, 0x00000000f9e80000, 0x0000000100000000)
  eden space 194048K, 40% used [0x00000000eab00000,0x00000000ef87d880,0x00000000f6880000)
  from space 27136K, 82% used [0x00000000f6880000,0x00000000f7e44ce0,0x00000000f8300000)
  to   space 26112K, 0% used [0x00000000f8300000,0x00000000f8300000,0x00000000f9c80000)
 ParOldGen       total 104448K, used 57566K [0x00000000c0000000, 0x00000000c6600000, 0x00000000eab00000)
  object space 104448K, 55% used [0x00000000c0000000,0x00000000c38379c0,0x00000000c6600000)
 Metaspace       used 63369K, capacity 66124K, committed 66176K, reserved 1105920K
  class space    used 8513K, capacity 9589K, committed 9600K, reserved 1048576K
GC Heap History (10 events):
Event: 21.928 GC heap before
{Heap before GC invocations=13 (full 3):
 PSYoungGen      total 180224K, used 19434K [0x00000000eab00000, 0x00000000f7d00000, 0x0000000100000000)
  eden space 160768K, 0% used [0x00000000eab00000,0x00000000eab00000,0x00000000f4800000)
  from space 19456K, 99% used [0x00000000f6000000,0x00000000f72fab48,0x00000000f7300000)
  to   space 24576K, 0% used [0x00000000f4800000,0x00000000f4800000,0x00000000f6000000)
 ParOldGen       total 104448K, used 29697K [0x00000000c0000000, 0x00000000c6600000, 0x00000000eab00000)
  object space 104448K, 28% used [0x00000000c0000000,0x00000000c1d00568,0x00000000c6600000)
 Metaspace       used 47001K, capacity 48394K, committed 48640K, reserved 1091584K
  class space    used 6259K, capacity 6796K, committed 6912K, reserved 1048576K
Event: 22.191 GC heap after
Heap after GC invocations=13 (full 3):
 PSYoungGen      total 180224K, used 0K [0x00000000eab00000, 0x00000000f7d00000, 0x0000000100000000)
  eden space 160768K, 0% used [0x00000000eab00000,0x00000000eab00000,0x00000000f4800000)
  from space 19456K, 0% used [0x00000000f6000000,0x00000000f6000000,0x00000000f7300000)
  to   space 24576K, 0% used [0x00000000f4800000,0x00000000f4800000,0x00000000f6000000)
 ParOldGen       total 104448K, used 42837K [0x00000000c0000000, 0x00000000c6600000, 0x00000000eab00000)
  object space 104448K, 41% used [0x00000000c0000000,0x00000000c29d5470,0x00000000c6600000)
 Metaspace       used 46968K, capacity 48280K, committed 48640K, reserved 1091584K
  class space    used 6251K, capacity 6762K, committed 6912K, reserved 1048576K
}
Event: 178.555 GC heap before
{Heap before GC invocations=14 (full 3):
 PSYoungGen      total 180224K, used 160768K [0x00000000eab00000, 0x00000000f7d00000, 0x0000000100000000)
  eden space 160768K, 100% used [0x00000000eab00000,0x00000000f4800000,0x00000000f4800000)
  from space 19456K, 0% used [0x00000000f6000000,0x00000000f6000000,0x00000000f7300000)
  to   space 24576K, 0% used [0x00000000f4800000,0x00000000f4800000,0x00000000f6000000)
 ParOldGen       total 104448K, used 42837K [0x00000000c0000000, 0x00000000c6600000, 0x00000000eab00000)
  object space 104448K, 41% used [0x00000000c0000000,0x00000000c29d5470,0x00000000c6600000)
 Metaspace       used 53619K, capacity 55596K, committed 55936K, reserved 1097728K
  class space    used 7159K, capacity 7954K, committed 8064K, reserved 1048576K
Event: 178.576 GC heap after
Heap after GC invocations=14 (full 3):
 PSYoungGen      total 185344K, used 17580K [0x00000000eab00000, 0x00000000f9c80000, 0x0000000100000000)
  eden space 160768K, 0% used [0x00000000eab00000,0x00000000eab00000,0x00000000f4800000)
  from space 24576K, 71% used [0x00000000f4800000,0x00000000f592b280,0x00000000f6000000)
  to   space 26112K, 0% used [0x00000000f8300000,0x00000000f8300000,0x00000000f9c80000)
 ParOldGen       total 104448K, used 42845K [0x00000000c0000000, 0x00000000c6600000, 0x00000000eab00000)
  object space 104448K, 41% used [0x00000000c0000000,0x00000000c29d7470,0x00000000c6600000)
 Metaspace       used 53619K, capacity 55596K, committed 55936K, reserved 1097728K
  class space    used 7159K, capacity 7954K, committed 8064K, reserved 1048576K
}
Event: 181.600 GC heap before
{Heap before GC invocations=15 (full 3):
 PSYoungGen      total 185344K, used 97378K [0x00000000eab00000, 0x00000000f9c80000, 0x0000000100000000)
  eden space 160768K, 49% used [0x00000000eab00000,0x00000000ef8ed898,0x00000000f4800000)
  from space 24576K, 71% used [0x00000000f4800000,0x00000000f592b280,0x00000000f6000000)
  to   space 26112K, 0% used [0x00000000f8300000,0x00000000f8300000,0x00000000f9c80000)
 ParOldGen       total 104448K, used 42845K [0x00000000c0000000, 0x00000000c6600000, 0x00000000eab00000)
  object space 104448K, 41% used [0x00000000c0000000,0x00000000c29d7470,0x00000000c6600000)
 Metaspace       used 55170K, capacity 57234K, committed 57472K, reserved 1097728K
  class space    used 7392K, capacity 8207K, committed 8320K, reserved 1048576K
Event: 181.619 GC heap after
Heap after GC invocations=15 (full 3):
 PSYoungGen      total 220160K, used 19046K [0x00000000eab00000, 0x00000000f9e80000, 0x0000000100000000)
  eden space 194048K, 0% used [0x00000000eab00000,0x00000000eab00000,0x00000000f6880000)
  from space 26112K, 72% used [0x00000000f8300000,0x00000000f9599870,0x00000000f9c80000)
  to   space 27136K, 0% used [0x00000000f6880000,0x00000000f6880000,0x00000000f8300000)
 ParOldGen       total 104448K, used 42853K [0x00000000c0000000, 0x00000000c6600000, 0x00000000eab00000)
  object space 104448K, 41% used [0x00000000c0000000,0x00000000c29d9470,0x00000000c6600000)
 Metaspace       used 55170K, capacity 57234K, committed 57472K, reserved 1097728K
  class space    used 7392K, capacity 8207K, committed 8320K, reserved 1048576K
}
Event: 181.619 GC heap before
{Heap before GC invocations=16 (full 4):
 PSYoungGen      total 220160K, used 19046K [0x00000000eab00000, 0x00000000f9e80000, 0x0000000100000000)
  eden space 194048K, 0% used [0x00000000eab00000,0x00000000eab00000,0x00000000f6880000)
  from space 26112K, 72% used [0x00000000f8300000,0x00000000f9599870,0x00000000f9c80000)
  to   space 27136K, 0% used [0x00000000f6880000,0x00000000f6880000,0x00000000f8300000)
 ParOldGen       total 104448K, used 42853K [0x00000000c0000000, 0x00000000c6600000, 0x00000000eab00000)
  object space 104448K, 41% used [0x00000000c0000000,0x00000000c29d9470,0x00000000c6600000)
 Metaspace       used 55170K, capacity 57234K, committed 57472K, reserved 1097728K
  class space    used 7392K, capacity 8207K, committed 8320K, reserved 1048576K
Event: 181.964 GC heap after
Heap after GC invocations=16 (full 4):
 PSYoungGen      total 220160K, used 0K [0x00000000eab00000, 0x00000000f9e80000, 0x0000000100000000)
  eden space 194048K, 0% used [0x00000000eab00000,0x00000000eab00000,0x00000000f6880000)
  from space 26112K, 0% used [0x00000000f8300000,0x00000000f8300000,0x00000000f9c80000)
  to   space 27136K, 0% used [0x00000000f6880000,0x00000000f6880000,0x00000000f8300000)
 ParOldGen       total 104448K, used 57558K [0x00000000c0000000, 0x00000000c6600000, 0x00000000eab00000)
  object space 104448K, 55% used [0x00000000c0000000,0x00000000c38359c0,0x00000000c6600000)
 Metaspace       used 55137K, capacity 57120K, committed 57472K, reserved 1097728K
  class space    used 7384K, capacity 8173K, committed 8320K, reserved 1048576K
}
Event: 194.892 GC heap before
{Heap before GC invocations=17 (full 4):
 PSYoungGen      total 220160K, used 194048K [0x00000000eab00000, 0x00000000f9e80000, 0x0000000100000000)
  eden space 194048K, 100% used [0x00000000eab00000,0x00000000f6880000,0x00000000f6880000)
  from space 26112K, 0% used [0x00000000f8300000,0x00000000f8300000,0x00000000f9c80000)
  to   space 27136K, 0% used [0x00000000f6880000,0x00000000f6880000,0x00000000f8300000)
 ParOldGen       total 104448K, used 57558K [0x00000000c0000000, 0x00000000c6600000, 0x00000000eab00000)
  object space 104448K, 55% used [0x00000000c0000000,0x00000000c38359c0,0x00000000c6600000)
 Metaspace       used 62109K, capacity 64758K, committed 65024K, reserved 1105920K
  class space    used 8352K, capacity 9386K, committed 9472K, reserved 1048576K
Event: 194.912 GC heap after
Heap after GC invocations=17 (full 4):
 PSYoungGen      total 221184K, used 22291K [0x00000000eab00000, 0x00000000f9e80000, 0x0000000100000000)
  eden space 194048K, 0% used [0x00000000eab00000,0x00000000eab00000,0x00000000f6880000)
  from space 27136K, 82% used [0x00000000f6880000,0x00000000f7e44ce0,0x00000000f8300000)
  to   space 26112K, 0% used [0x00000000f8300000,0x00000000f8300000,0x00000000f9c80000)
 ParOldGen       total 104448K, used 57566K [0x00000000c0000000, 0x00000000c6600000, 0x00000000eab00000)
  object space 104448K, 55% used [0x00000000c0000000,0x00000000c38379c0,0x00000000c6600000)
 Metaspace       used 62109K, capacity 64758K, committed 65024K, reserved 1105920K
  class space    used 8352K, capacity 9386K, committed 9472K, reserved 1048576K
}

