# JRE version: Java(TM) SE Runtime Environment (8.0_40-b26) (build 1.8.0_40-b26)
# Java VM: Java HotSpot(TM) 64-Bit Server VM (25.40-b25 mixed mode windows-amd64 compressed oops)
Heap:
 PSYoungGen      total 128512K, used 55940K [0x00000000eab00000, 0x00000000f5700000, 0x0000000100000000)
  eden space 107520K, 32% used [0x00000000eab00000,0x00000000ecd6ab20,0x00000000f1400000)
  from space 20992K, 98% used [0x00000000f1700000,0x00000000f2b36848,0x00000000f2b80000)
  to   space 34304K, 16% used [0x00000000f3580000,0x00000000f3ae0000,0x00000000f5700000)
 ParOldGen       total 106496K, used 62926K [0x00000000c0000000, 0x00000000c6800000, 0x00000000eab00000)
  object space 106496K, 59% used [0x00000000c0000000,0x00000000c3d73a28,0x00000000c6800000)
 Metaspace       used 74890K, capacity 77626K, committed 80896K, reserved 1118208K
  class space    used 9938K, capacity 10890K, committed 12288K, reserved 1048576K
GC Heap History (10 events):
Event: 69419.901 GC heap before
{Heap before GC invocations=35 (full 7):
 PSYoungGen      total 125952K, used 125943K [0x00000000eab00000, 0x00000000f5e00000, 0x0000000100000000)
  eden space 114688K, 100% used [0x00000000eab00000,0x00000000f1b00000,0x00000000f1b00000)
  from space 11264K, 99% used [0x00000000f1e00000,0x00000000f28fdc60,0x00000000f2900000)
  to   space 34304K, 0% used [0x00000000f3c80000,0x00000000f3c80000,0x00000000f5e00000)
 ParOldGen       total 106496K, used 48583K [0x00000000c0000000, 0x00000000c6800000, 0x00000000eab00000)
  object space 106496K, 45% used [0x00000000c0000000,0x00000000c2f71e38,0x00000000c6800000)
 Metaspace       used 66081K, capacity 68034K, committed 80896K, reserved 1118208K
  class space    used 8640K, capacity 9340K, committed 12288K, reserved 1048576K
Event: 69419.927 GC heap after
Heap after GC invocations=35 (full 7):
 PSYoungGen      total 147968K, used 24340K [0x00000000eab00000, 0x00000000f6880000, 0x0000000100000000)
  eden space 113664K, 0% used [0x00000000eab00000,0x00000000eab00000,0x00000000f1a00000)
  from space 34304K, 70% used [0x00000000f3c80000,0x00000000f54453e8,0x00000000f5e00000)
  to   space 35328K, 0% used [0x00000000f1a00000,0x00000000f1a00000,0x00000000f3c80000)
 ParOldGen       total 106496K, used 48591K [0x00000000c0000000, 0x00000000c6800000, 0x00000000eab00000)
  object space 106496K, 45% used [0x00000000c0000000,0x00000000c2f73e38,0x00000000c6800000)
 Metaspace       used 66081K, capacity 68034K, committed 80896K, reserved 1118208K
  class space    used 8640K, capacity 9340K, committed 12288K, reserved 1048576K
}
Event: 69426.249 GC heap before
{Heap before GC invocations=36 (full 7):
 PSYoungGen      total 147968K, used 92943K [0x00000000eab00000, 0x00000000f6880000, 0x0000000100000000)
  eden space 113664K, 60% used [0x00000000eab00000,0x00000000eedfe9a8,0x00000000f1a00000)
  from space 34304K, 70% used [0x00000000f3c80000,0x00000000f54453e8,0x00000000f5e00000)
  to   space 35328K, 0% used [0x00000000f1a00000,0x00000000f1a00000,0x00000000f3c80000)
 ParOldGen       total 106496K, used 48591K [0x00000000c0000000, 0x00000000c6800000, 0x00000000eab00000)
  object space 106496K, 45% used [0x00000000c0000000,0x00000000c2f73e38,0x00000000c6800000)
 Metaspace       used 67118K, capacity 69166K, committed 80896K, reserved 1118208K
  class space    used 8804K, capacity 9505K, committed 12288K, reserved 1048576K
Event: 69426.283 GC heap after
Heap after GC invocations=36 (full 7):
 PSYoungGen      total 148992K, used 22675K [0x00000000eab00000, 0x00000000f6880000, 0x0000000100000000)
  eden space 113664K, 0% used [0x00000000eab00000,0x00000000eab00000,0x00000000f1a00000)
  from space 35328K, 64% used [0x00000000f1a00000,0x00000000f3024c58,0x00000000f3c80000)
  to   space 35328K, 0% used [0x00000000f4600000,0x00000000f4600000,0x00000000f6880000)
 ParOldGen       total 106496K, used 48591K [0x00000000c0000000, 0x00000000c6800000, 0x00000000eab00000)
  object space 106496K, 45% used [0x00000000c0000000,0x00000000c2f73e38,0x00000000c6800000)
 Metaspace       used 67118K, capacity 69166K, committed 80896K, reserved 1118208K
  class space    used 8804K, capacity 9505K, committed 12288K, reserved 1048576K
}
Event: 69426.283 GC heap before
{Heap before GC invocations=37 (full 8):
 PSYoungGen      total 148992K, used 22675K [0x00000000eab00000, 0x00000000f6880000, 0x0000000100000000)
  eden space 113664K, 0% used [0x00000000eab00000,0x00000000eab00000,0x00000000f1a00000)
  from space 35328K, 64% used [0x00000000f1a00000,0x00000000f3024c58,0x00000000f3c80000)
  to   space 35328K, 0% used [0x00000000f4600000,0x00000000f4600000,0x00000000f6880000)
 ParOldGen       total 106496K, used 48591K [0x00000000c0000000, 0x00000000c6800000, 0x00000000eab00000)
  object space 106496K, 45% used [0x00000000c0000000,0x00000000c2f73e38,0x00000000c6800000)
 Metaspace       used 67118K, capacity 69166K, committed 80896K, reserved 1118208K
  class space    used 8804K, capacity 9505K, committed 12288K, reserved 1048576K
Event: 69426.489 GC heap after
Heap after GC invocations=37 (full 8):
 PSYoungGen      total 148992K, used 0K [0x00000000eab00000, 0x00000000f6880000, 0x0000000100000000)
  eden space 113664K, 0% used [0x00000000eab00000,0x00000000eab00000,0x00000000f1a00000)
  from space 35328K, 0% used [0x00000000f1a00000,0x00000000f1a00000,0x00000000f3c80000)
  to   space 35328K, 0% used [0x00000000f4600000,0x00000000f4600000,0x00000000f6880000)
 ParOldGen       total 106496K, used 62910K [0x00000000c0000000, 0x00000000c6800000, 0x00000000eab00000)
  object space 106496K, 59% used [0x00000000c0000000,0x00000000c3d6fa28,0x00000000c6800000)
 Metaspace       used 67085K, capacity 69052K, committed 80896K, reserved 1118208K
  class space    used 8796K, capacity 9471K, committed 12288K, reserved 1048576K
}
Event: 69974.735 GC heap before
{Heap before GC invocations=38 (full 8):
 PSYoungGen      total 148992K, used 113664K [0x00000000eab00000, 0x00000000f6880000, 0x0000000100000000)
  eden space 113664K, 100% used [0x00000000eab00000,0x00000000f1a00000,0x00000000f1a00000)
  from space 35328K, 0% used [0x00000000f1a00000,0x00000000f1a00000,0x00000000f3c80000)
  to   space 35328K, 0% used [0x00000000f4600000,0x00000000f4600000,0x00000000f6880000)
 ParOldGen       total 106496K, used 62910K [0x00000000c0000000, 0x00000000c6800000, 0x00000000eab00000)
  object space 106496K, 59% used [0x00000000c0000000,0x00000000c3d6fa28,0x00000000c6800000)
 Metaspace       used 72159K, capacity 74660K, committed 80896K, reserved 1118208K
  class space    used 9524K, capacity 10413K, committed 12288K, reserved 1048576K
Event: 69974.748 GC heap after
Heap after GC invocations=38 (full 8):
 PSYoungGen      total 132096K, used 11980K [0x00000000eab00000, 0x00000000f5b00000, 0x0000000100000000)
  eden space 110592K, 0% used [0x00000000eab00000,0x00000000eab00000,0x00000000f1700000)
  from space 21504K, 55% used [0x00000000f4600000,0x00000000f51b3090,0x00000000f5b00000)
  to   space 34816K, 0% used [0x00000000f1700000,0x00000000f1700000,0x00000000f3900000)
 ParOldGen       total 106496K, used 62918K [0x00000000c0000000, 0x00000000c6800000, 0x00000000eab00000)
  object space 106496K, 59% used [0x00000000c0000000,0x00000000c3d71a28,0x00000000c6800000)
 Metaspace       used 72159K, capacity 74660K, committed 80896K, reserved 1118208K
  class space    used 9524K, capacity 10413K, committed 12288K, reserved 1048576K
}
Event: 69979.328 GC heap before
{Heap before GC invocations=39 (full 8):
 PSYoungGen      total 132096K, used 122572K [0x00000000eab00000, 0x00000000f5b00000, 0x0000000100000000)
  eden space 110592K, 100% used [0x00000000eab00000,0x00000000f1700000,0x00000000f1700000)
  from space 21504K, 55% used [0x00000000f4600000,0x00000000f51b3090,0x00000000f5b00000)
  to   space 34816K, 0% used [0x00000000f1700000,0x00000000f1700000,0x00000000f3900000)
 ParOldGen       total 106496K, used 62918K [0x00000000c0000000, 0x00000000c6800000, 0x00000000eab00000)
  object space 106496K, 59% used [0x00000000c0000000,0x00000000c3d71a28,0x00000000c6800000)
 Metaspace       used 74649K, capacity 77380K, committed 80896K, reserved 1118208K
  class space    used 9908K, capacity 10848K, committed 12288K, reserved 1048576K
Event: 69979.354 GC heap after
Heap after GC invocations=39 (full 8):
 PSYoungGen      total 128512K, used 20698K [0x00000000eab00000, 0x00000000f5700000, 0x0000000100000000)
  eden space 107520K, 0% used [0x00000000eab00000,0x00000000eab00000,0x00000000f1400000)
  from space 20992K, 98% used [0x00000000f1700000,0x00000000f2b36848,0x00000000f2b80000)
  to   space 34304K, 0% used [0x00000000f3580000,0x00000000f3580000,0x00000000f5700000)
 ParOldGen       total 106496K, used 62926K [0x00000000c0000000, 0x00000000c6800000, 0x00000000eab00000)
  object space 106496K, 59% used [0x00000000c0000000,0x00000000c3d73a28,0x00000000c6800000)
 Metaspace       used 74649K, capacity 77380K, committed 80896K, reserved 1118208K
  class space    used 9908K, capacity 10848K, committed 12288K, reserved 1048576K
}

